{"/Users/e074694/dxp/sample-latest/my-component/src/components/my-component/my-component.tsx": {"path":"/Users/e074694/dxp/sample-latest/my-component/src/components/my-component/my-component.tsx","statementMap":{"0":{"start":{"line":1,"column":0},"end":{"line":1,"column":59}},"1":{"start":{"line":2,"column":0},"end":{"line":2,"column":42}},"2":{"start":{"line":29,"column":4},"end":{"line":29,"column":54}},"3":{"start":{"line":34,"column":4},"end":{"line":39,"column":5}},"4":{"start":{"line":37,"column":6},"end":{"line":37,"column":33}},"5":{"start":{"line":38,"column":6},"end":{"line":38,"column":79}},"6":{"start":{"line":43,"column":4},"end":{"line":43,"column":29}},"7":{"start":{"line":44,"column":19},"end":{"line":44,"column":60}},"8":{"start":{"line":45,"column":4},"end":{"line":45,"column":26}},"9":{"start":{"line":50,"column":4},"end":{"line":54,"column":6}},"10":{"start":{"line":4,"column":0},"end":{"line":57,"column":1}}},"fnMap":{"0":{"name":"(anonymous_1)","decl":{"start":{"line":27,"column":10},"end":{"line":27,"column":16}},"loc":{"start":{"line":27,"column":17},"end":{"line":30,"column":3}}},"1":{"name":"(anonymous_2)","decl":{"start":{"line":33,"column":2},"end":{"line":33,"column":17}},"loc":{"start":{"line":33,"column":18},"end":{"line":40,"column":3}}},"2":{"name":"(anonymous_3)","decl":{"start":{"line":42,"column":2},"end":{"line":42,"column":12}},"loc":{"start":{"line":42,"column":24},"end":{"line":46,"column":3}}},"3":{"name":"(anonymous_4)","decl":{"start":{"line":48,"column":2},"end":{"line":48,"column":7}},"loc":{"start":{"line":48,"column":8},"end":{"line":56,"column":3}}}},"branchMap":{"0":{"loc":{"start":{"line":34,"column":4},"end":{"line":39,"column":5}},"type":"if","locations":[{"start":{"line":34,"column":4},"end":{"line":39,"column":5}},{"start":{"line":34,"column":4},"end":{"line":39,"column":5}}]}},"s":{"0":1,"1":1,"2":3,"3":1,"4":1,"5":1,"6":0,"7":0,"8":0,"9":1,"10":1},"f":{"0":3,"1":1,"2":0,"3":1},"b":{"0":[1,0]}}
,"/Users/e074694/dxp/sample-latest/my-component/src/utils/utils.ts": {"path":"/Users/e074694/dxp/sample-latest/my-component/src/utils/utils.ts","statementMap":{"0":{"start":{"line":3,"column":2},"end":{"line":7,"column":4}},"1":{"start":{"line":2,"column":0},"end":{"line":8,"column":1}}},"fnMap":{"0":{"name":"format","decl":{"start":{"line":2,"column":16},"end":{"line":2,"column":22}},"loc":{"start":{"line":2,"column":66},"end":{"line":8,"column":1}}}},"branchMap":{"0":{"loc":{"start":{"line":4,"column":5},"end":{"line":4,"column":10}},"type":"binary-expr","locations":[{"start":{"line":4,"column":5},"end":{"line":4,"column":10}},{"start":{"line":4,"column":14},"end":{"line":4,"column":16}}]},"1":{"loc":{"start":{"line":5,"column":14},"end":{"line":5,"column":26}},"type":"cond-expr","locations":[{"start":{"line":5,"column":14},"end":{"line":5,"column":26}},{"start":{"line":5,"column":29},"end":{"line":5,"column":31}}]},"2":{"loc":{"start":{"line":6,"column":12},"end":{"line":6,"column":22}},"type":"cond-expr","locations":[{"start":{"line":6,"column":12},"end":{"line":6,"column":22}},{"start":{"line":6,"column":25},"end":{"line":6,"column":27}}]}},"s":{"0":7,"1":2},"f":{"0":7},"b":{"0":[7,1],"1":[1,6],"2":[5,2]}}
}
