TN:
SF:/Users/e074694/dxp/sample-latest/my-component/src/components/my-component/my-component.tsx
FN:27,(anonymous_1)
FN:33,(anonymous_2)
FN:42,(anonymous_3)
FN:48,(anonymous_4)
FNF:4
FNH:3
FNDA:3,(anonymous_1)
FNDA:1,(anonymous_2)
FNDA:0,(anonymous_3)
FNDA:1,(anonymous_4)
DA:1,1
DA:2,1
DA:4,1
DA:29,3
DA:34,1
DA:37,1
DA:38,1
DA:43,0
DA:44,0
DA:45,0
DA:50,1
LF:11
LH:8
BRDA:34,0,0,1
BRDA:34,0,1,0
BRF:2
BRH:1
end_of_record
TN:
SF:/Users/e074694/dxp/sample-latest/my-component/src/utils/utils.ts
FN:2,format
FNF:1
FNH:1
FNDA:7,format
DA:2,2
DA:3,7
LF:2
LH:2
BRDA:4,0,0,7
BRDA:4,0,1,1
BRDA:5,1,0,1
BRDA:5,1,1,6
BRDA:6,2,0,5
BRDA:6,2,1,2
BRF:6
BRH:6
end_of_record
